Flutter crash report; please file at https://github.com/flutter/flutter/issues.

## command

flutter run --machine --target lib/main.dart -d d8ebc6d392d8 --track-widget-creation --start-paused

## exception

RpcException: JSON-RPC error -32000: There are no running service protocol handlers.

```
package:json_rpc_2/src/client.dart 110:64              Client.sendRequest
package:json_rpc_2/src/peer.dart 79:15                 Peer.sendRequest
package:flutter_tools/src/vmservice.dart 316:13        VMService._sendRequest
package:flutter_tools/src/vmservice.dart 851:60        VM.invokeRpcRaw
===== asynchronous gap ===========================
package:flutter_tools/src/vmservice.dart 872:49        VM.invokeRpc
===== asynchronous gap ===========================
package:flutter_tools/src/vmservice.dart 941:12        VM.runInView
package:flutter_tools/src/vmservice.dart 1455:20       FlutterView.runFromSource
===== asynchronous gap ===========================
package:flutter_tools/src/run_hot.dart 342:24          HotRunner._launchInView
package:flutter_tools/src/run_hot.dart 357:19          HotRunner._launchFromDevFS
===== asynchronous gap ===========================
package:flutter_tools/src/run_hot.dart 428:11          HotRunner._restartFromSources
===== asynchronous gap ===========================
package:flutter_tools/src/run_hot.dart 516:46          HotRunner.restart
===== asynchronous gap ===========================
package:flutter_tools/src/commands/daemon.dart 875:19  AppInstance.restart
package:flutter_tools/src/commands/daemon.dart 544:18  AppDomain.restart.<fn>
package:flutter_tools/src/base/context.dart 154:29     AppContext.run.<fn>
===== asynchronous gap ===========================
dart:async/zone.dart 1124:13                           _rootRun
dart:async/zone.dart 1021:19                           _CustomZone.run
dart:async/zone.dart 1516:10                           _runZoned
dart:async/zone.dart 1463:12                           runZoned
package:flutter_tools/src/base/context.dart 153:18     AppContext.run
===== asynchronous gap ===========================
package:flutter_tools/src/commands/daemon.dart 888:20  AppInstance._runInZone
package:flutter_tools/src/commands/daemon.dart 543:32  AppDomain.restart
===== asynchronous gap ===========================
package:flutter_tools/src/commands/daemon.dart 189:34  Domain.handleCommand.<fn>
dart:async/future.dart 224:31                          new Future.sync
package:flutter_tools/src/commands/daemon.dart 186:77  Domain.handleCommand
package:flutter_tools/src/commands/daemon.dart 145:26  Daemon._handleRequest
dart:async/zone.dart 1132:38                           _rootRunUnary
dart:async/zone.dart 1029:19                           _CustomZone.runUnary
dart:async/zone.dart 931:7                             _CustomZone.runUnaryGuarded
dart:async/stream_impl.dart 336:11                     _BufferingStreamSubscription._sendData
dart:async/stream_impl.dart 263:7                      _BufferingStreamSubscription._add
dart:async/stream_pipe.dart 132:11                     _ForwardingStreamSubscription._add
dart:async/stream_pipe.dart 232:10                     _MapStream._handleData
dart:async/stream_pipe.dart 164:13                     _ForwardingStreamSubscription._handleData
dart:async/zone.dart 1132:38                           _rootRunUnary
dart:async/zone.dart 1029:19                           _CustomZone.runUnary
dart:async/zone.dart 931:7                             _CustomZone.runUnaryGuarded
dart:async/stream_impl.dart 336:11                     _BufferingStreamSubscription._sendData
dart:async/stream_impl.dart 263:7                      _BufferingStreamSubscription._add
dart:async/stream_pipe.dart 132:11                     _ForwardingStreamSubscription._add
dart:async/stream_pipe.dart 207:12                     _WhereStream._handleData
dart:async/stream_pipe.dart 164:13                     _ForwardingStreamSubscription._handleData
dart:async/zone.dart 1132:38                           _rootRunUnary
dart:async/zone.dart 1029:19                           _CustomZone.runUnary
dart:async/zone.dart 931:7                             _CustomZone.runUnaryGuarded
dart:async/stream_impl.dart 336:11                     _BufferingStreamSubscription._sendData
dart:async/stream_impl.dart 263:7                      _BufferingStreamSubscription._add
dart:async/stream_transformers.dart 68:11              _SinkTransformerStreamSubscription._add
dart:async/stream_transformers.dart 15:11              _EventSinkWrapper.add
dart:convert/string_conversion.dart 236:11             _StringAdapterSink.add
dart:convert/line_splitter.dart 150:13                 _LineSplitterSink._addLines
dart:convert/line_splitter.dart 125:5                  _LineSplitterSink.addSlice
dart:convert/string_conversion.dart 163:5              StringConversionSinkMixin.add
dart:async/stream_transformers.dart 120:24             _SinkTransformerStreamSubscription._handleData
dart:async/zone.dart 1132:38                           _rootRunUnary
dart:async/zone.dart 1029:19                           _CustomZone.runUnary
dart:async/zone.dart 931:7                             _CustomZone.runUnaryGuarded
dart:async/stream_impl.dart 336:11                     _BufferingStreamSubscription._sendData
dart:async/stream_impl.dart 263:7                      _BufferingStreamSubscription._add
dart:async/stream_transformers.dart 68:11              _SinkTransformerStreamSubscription._add
dart:async/stream_transformers.dart 15:11              _EventSinkWrapper.add
dart:convert/string_conversion.dart 236:11             _StringAdapterSink.add
dart:convert/string_conversion.dart 241:7              _StringAdapterSink.addSlice
dart:convert/string_conversion.dart 312:20             _Utf8ConversionSink.addSlice
dart:convert/string_conversion.dart 305:5              _Utf8ConversionSink.add
dart:convert/chunked_conversion.dart 72:18             _ConverterStreamEventSink.add
dart:async/stream_transformers.dart 120:24             _SinkTransformerStreamSubscription._handleData
dart:async/zone.dart 1132:38                           _rootRunUnary
dart:async/zone.dart 1029:19                           _CustomZone.runUnary
dart:async/zone.dart 931:7                             _CustomZone.runUnaryGuarded
dart:async/stream_impl.dart 336:11                     _BufferingStreamSubscription._sendData
dart:async/stream_impl.dart 263:7                      _BufferingStreamSubscription._add
dart:async/stream_controller.dart 764:19               _SyncStreamController._sendData
dart:async/stream_controller.dart 640:7                _StreamController._add
dart:async/stream_controller.dart 586:5                _StreamController.add
dart:io-patch/socket_patch.dart 1789:41                _Socket._onData
dart:async/zone.dart 1136:13                           _rootRunUnary
dart:async/zone.dart 1029:19                           _CustomZone.runUnary
dart:async/zone.dart 931:7                             _CustomZone.runUnaryGuarded
dart:async/stream_impl.dart 336:11                     _BufferingStreamSubscription._sendData
dart:async/stream_impl.dart 263:7                      _BufferingStreamSubscription._add
dart:async/stream_controller.dart 764:19               _SyncStreamController._sendData
dart:async/stream_controller.dart 640:7                _StreamController._add
dart:async/stream_controller.dart 586:5                _StreamController.add
dart:io-patch/socket_patch.dart 1337:33                new _RawSocket.<fn>
dart:io-patch/socket_patch.dart 858:14                 _NativeSocket.issueReadEvent.issue
dart:async/schedule_microtask.dart 41:21               _microtaskLoop
dart:async/schedule_microtask.dart 50:5                _startMicrotaskLoop
dart:isolate-patch/isolate_patch.dart 116:13           _runPendingImmediateCallback
dart:isolate-patch/isolate_patch.dart 173:5            _RawReceivePortImpl._handleMessage
```

## flutter doctor

```
[✓] Flutter (Channel beta, v1.8.3, on Linux, locale en_IN)
    • Flutter version 1.8.3 at /home/nividata/flutter
    • Framework revision e4ebcdf6f4 (6 weeks ago), 2019-07-27 11:48:24 -0700
    • Engine revision 38ac5f30a7
    • Dart version 2.5.0 (build 2.5.0-dev.1.0 0ca1582afd)

[✓] Android toolchain - develop for Android devices (Android SDK version 29.0.2)
    • Android SDK at /home/nividata/Android/Sdk
    • Android NDK location not configured (optional; useful for native profiling support)
    • Platform android-29, build-tools 29.0.2
    • Java binary at: /home/nividata/Downloads/android-studio/android-studio/jre/bin/java
    • Java version OpenJDK Runtime Environment (build 1.8.0_202-release-1483-b49-5587405)
    • All Android licenses accepted.

[!] Android Studio (version 3.5)
    • Android Studio at /home/nividata/Downloads/android-studio/android-studio
    ✗ Flutter plugin not installed; this adds Flutter specific functionality.
    ✗ Dart plugin not installed; this adds Dart specific functionality.
    • Java version OpenJDK Runtime Environment (build 1.8.0_202-release-1483-b49-5587405)

[✓] VS Code (version 1.37.1)
    • VS Code at /usr/share/code
    • Flutter extension version 3.4.1

[✓] Connected device (1 available)
    • Mi A3 • d8ebc6d392d8 • android-arm64 • Android 9 (API 28)

! Doctor found issues in 1 category.
```
